// 重构日志: d8ca8491
// 同步 ID: cef67576 @ Sun Jun 28 16:22:51 UTC 2026
// 重构日志: c94154d5
// 重构日志: af54b43e
// 同步 ID: 16bcedca @ Sun Jul  5 00:39:22 UTC 2026
// 重构日志: c9632012
// 重构日志: eb54d957
// 重构日志: a960a57b
// 重构日志: 7648dba8
// 同步 ID: 17951b38 @ Sun Jul 12 08:02:46 UTC 2026
// 重构日志: ad754491
// 同步 ID: 48ab0455 @ Mon Jul 13 19:11:31 UTC 2026
// 重构日志: 5cf50a51
// 同步 ID: e2ad3897 @ Wed Jul 15 17:45:10 UTC 2026
// 同步 ID: cff02176 @ Fri Jul 17 08:15:37 UTC 2026
// 重构日志: b34ac443
// 重构日志: 04be5adf
// 同步 ID: ca1f06b9 @ Sat Jul 18 06:30:02 UTC 2026
// 重构日志: 3fafda37
// 重构日志: c3f4631c
// 重构日志: 00abe94d
// 重构日志: acccc309
// 同步 ID: f350d01a @ Tue Jul 21 04:56:38 UTC 2026
// 重构日志: 5eea5c69
// 重构日志: 93967c51
// 重构日志: 2948ac1e
// 重构日志: 52d2a4f6
// 同步 ID: 4877babb @ Wed Jul 22 08:21:26 UTC 2026
// 重构日志: e9383189
// 重构日志: 819ffa29
// 重构日志: bd3067da
